[0.810s] DEBUG:colcon:Command line arguments: ['/usr/bin/colcon', 'build']
[0.810s] DEBUG:colcon:Parsed command line arguments: Namespace(log_base=None, log_level=None, verb_name='build', build_base='build', install_base='install', merge_install=False, symlink_install=False, test_result_base=None, continue_on_error=False, executor='parallel', parallel_workers=16, event_handlers=None, ignore_user_meta=False, metas=['./colcon.meta'], base_paths=['.'], packages_ignore=None, packages_ignore_regex=None, paths=None, packages_up_to=None, packages_up_to_regex=None, packages_above=None, packages_above_and_dependencies=None, packages_above_depth=None, packages_select_by_dep=None, packages_skip_by_dep=None, packages_skip_up_to=None, packages_select_build_failed=False, packages_skip_build_finished=False, packages_select_test_failures=False, packages_skip_test_passed=False, packages_select=None, packages_skip=None, packages_select_regex=None, packages_skip_regex=None, packages_start=None, packages_end=None, allow_overriding=[], cmake_args=None, cmake_target=None, cmake_target_skip_unavailable=False, cmake_clean_cache=False, cmake_clean_first=False, cmake_force_configure=False, ament_cmake_args=None, catkin_cmake_args=None, catkin_skip_building_tests=False, verb_parser=<colcon_defaults.argument_parser.defaults.DefaultArgumentsDecorator object at 0x7f12e95f0400>, verb_extension=<colcon_core.verb.build.BuildVerb object at 0x7f12e9dc8220>, main=<bound method BuildVerb.main of <colcon_core.verb.build.BuildVerb object at 0x7f12e9dc8220>>)
[0.860s] Level 1:colcon.colcon_core.package_discovery:discover_packages(colcon_meta) check parameters
[0.861s] Level 1:colcon.colcon_core.package_discovery:discover_packages(recursive) check parameters
[0.861s] Level 1:colcon.colcon_core.package_discovery:discover_packages(ignore) check parameters
[0.861s] Level 1:colcon.colcon_core.package_discovery:discover_packages(path) check parameters
[0.861s] Level 1:colcon.colcon_core.package_discovery:discover_packages(colcon_meta) discover
[0.861s] Level 1:colcon.colcon_core.package_discovery:discover_packages(recursive) discover
[0.861s] INFO:colcon.colcon_core.package_discovery:Crawling recursively for packages in '/home/pechenkanepnep/ros2_ws/test_44'
[0.861s] Level 1:colcon.colcon_core.package_identification:_identify(.) by extensions ['ignore', 'ignore_ament_install']
[0.861s] Level 1:colcon.colcon_core.package_identification:_identify(.) by extension 'ignore'
[0.861s] Level 1:colcon.colcon_core.package_identification:_identify(.) by extension 'ignore_ament_install'
[0.861s] Level 1:colcon.colcon_core.package_identification:_identify(.) by extensions ['colcon_pkg']
[0.862s] Level 1:colcon.colcon_core.package_identification:_identify(.) by extension 'colcon_pkg'
[0.862s] Level 1:colcon.colcon_core.package_identification:_identify(.) by extensions ['colcon_meta']
[0.862s] Level 1:colcon.colcon_core.package_identification:_identify(.) by extension 'colcon_meta'
[0.862s] Level 1:colcon.colcon_core.package_identification:_identify(.) by extensions ['ros']
[0.862s] Level 1:colcon.colcon_core.package_identification:_identify(.) by extension 'ros'
[0.886s] DEBUG:colcon.colcon_core.package_identification:Package '.' with type 'ros.ament_python' and name 'test_44'
[0.886s] Level 1:colcon.colcon_core.package_discovery:discover_packages(recursive) using defaults
[0.886s] Level 1:colcon.colcon_core.package_discovery:discover_packages(ignore) discover
[0.886s] Level 1:colcon.colcon_core.package_discovery:discover_packages(ignore) using defaults
[0.886s] Level 1:colcon.colcon_core.package_discovery:discover_packages(path) discover
[0.886s] Level 1:colcon.colcon_core.package_discovery:discover_packages(path) using defaults
[0.926s] Level 1:colcon.colcon_core.package_discovery:discover_packages(prefix_path) check parameters
[0.926s] Level 1:colcon.colcon_core.package_discovery:discover_packages(prefix_path) discover
[0.927s] WARNING:colcon.colcon_core.prefix_path.colcon:The path '/home/pechenkanepnep/ros2_ws/install' in the environment variable COLCON_PREFIX_PATH doesn't exist
[0.928s] WARNING:colcon.colcon_ros.prefix_path.ament:The path '/home/pechenkanepnep/ros2_ws/install/turtlesim' in the environment variable AMENT_PREFIX_PATH doesn't exist
[0.928s] WARNING:colcon.colcon_ros.prefix_path.catkin:The path '/home/pechenkanepnep/ros2_ws/install/turtlesim' in the environment variable CMAKE_PREFIX_PATH doesn't exist
[0.931s] DEBUG:colcon.colcon_installed_package_information.package_discovery:Found 270 installed packages in /opt/ros/humble
[0.933s] Level 1:colcon.colcon_core.package_discovery:discover_packages(prefix_path) using defaults
[1.035s] Level 5:colcon.colcon_core.verb:set package 'test_44' build argument 'cmake_args' from command line to 'None'
[1.035s] Level 5:colcon.colcon_core.verb:set package 'test_44' build argument 'cmake_target' from command line to 'None'
[1.035s] Level 5:colcon.colcon_core.verb:set package 'test_44' build argument 'cmake_target_skip_unavailable' from command line to 'False'
[1.035s] Level 5:colcon.colcon_core.verb:set package 'test_44' build argument 'cmake_clean_cache' from command line to 'False'
[1.035s] Level 5:colcon.colcon_core.verb:set package 'test_44' build argument 'cmake_clean_first' from command line to 'False'
[1.035s] Level 5:colcon.colcon_core.verb:set package 'test_44' build argument 'cmake_force_configure' from command line to 'False'
[1.035s] Level 5:colcon.colcon_core.verb:set package 'test_44' build argument 'ament_cmake_args' from command line to 'None'
[1.035s] Level 5:colcon.colcon_core.verb:set package 'test_44' build argument 'catkin_cmake_args' from command line to 'None'
[1.035s] Level 5:colcon.colcon_core.verb:set package 'test_44' build argument 'catkin_skip_building_tests' from command line to 'False'
[1.035s] DEBUG:colcon.colcon_core.verb:Building package 'test_44' with the following arguments: {'ament_cmake_args': None, 'build_base': '/home/pechenkanepnep/ros2_ws/test_44/build/test_44', 'catkin_cmake_args': None, 'catkin_skip_building_tests': False, 'cmake_args': None, 'cmake_clean_cache': False, 'cmake_clean_first': False, 'cmake_force_configure': False, 'cmake_target': None, 'cmake_target_skip_unavailable': False, 'install_base': '/home/pechenkanepnep/ros2_ws/test_44/install/test_44', 'merge_install': False, 'path': '/home/pechenkanepnep/ros2_ws/test_44', 'symlink_install': False, 'test_result_base': None}
[1.036s] INFO:colcon.colcon_core.executor:Executing jobs using 'parallel' executor
[1.041s] DEBUG:colcon.colcon_parallel_executor.executor.parallel:run_until_complete
[1.042s] INFO:colcon.colcon_ros.task.ament_python.build:Building ROS package in '/home/pechenkanepnep/ros2_ws/test_44' with build type 'ament_python'
[1.042s] Level 1:colcon.colcon_core.shell:create_environment_hook('test_44', 'ament_prefix_path')
[1.050s] INFO:colcon.colcon_core.plugin_system:Skipping extension 'colcon_core.shell.bat': Not used on non-Windows systems
[1.051s] INFO:colcon.colcon_core.shell:Creating environment hook '/home/pechenkanepnep/ros2_ws/test_44/install/test_44/share/test_44/hook/ament_prefix_path.ps1'
[1.053s] INFO:colcon.colcon_core.shell:Creating environment descriptor '/home/pechenkanepnep/ros2_ws/test_44/install/test_44/share/test_44/hook/ament_prefix_path.dsv'
[1.054s] INFO:colcon.colcon_core.shell:Creating environment hook '/home/pechenkanepnep/ros2_ws/test_44/install/test_44/share/test_44/hook/ament_prefix_path.sh'
[1.056s] INFO:colcon.colcon_core.shell:Skip shell extension 'powershell' for command environment: Not usable outside of PowerShell
[1.057s] DEBUG:colcon.colcon_core.shell:Skip shell extension 'dsv' for command environment
[1.463s] INFO:colcon.colcon_core.task.python.build:Building Python package in '/home/pechenkanepnep/ros2_ws/test_44'
[1.465s] INFO:colcon.colcon_core.shell:Skip shell extension 'powershell' for command environment: Not usable outside of PowerShell
[1.465s] DEBUG:colcon.colcon_core.shell:Skip shell extension 'dsv' for command environment
[1.955s] DEBUG:colcon.colcon_core.event_handler.log_command:Invoking command in '/home/pechenkanepnep/ros2_ws/test_44': PYTHONPATH=/home/pechenkanepnep/ros2_ws/test_44/build/test_44/prefix_override:/home/pechenkanepnep/ros2_ws/test_44/install/test_44/lib/python3.10/site-packages:${PYTHONPATH} /usr/bin/python3 setup.py egg_info --egg-base build/test_44 build --build-base /home/pechenkanepnep/ros2_ws/test_44/build/test_44/build install --record /home/pechenkanepnep/ros2_ws/test_44/build/test_44/install.log --single-version-externally-managed
[2.408s] DEBUG:colcon.colcon_core.event_handler.log_command:Invoked command in '/home/pechenkanepnep/ros2_ws/test_44' returned '0': PYTHONPATH=/home/pechenkanepnep/ros2_ws/test_44/build/test_44/prefix_override:/home/pechenkanepnep/ros2_ws/test_44/install/test_44/lib/python3.10/site-packages:${PYTHONPATH} /usr/bin/python3 setup.py egg_info --egg-base build/test_44 build --build-base /home/pechenkanepnep/ros2_ws/test_44/build/test_44/build install --record /home/pechenkanepnep/ros2_ws/test_44/build/test_44/install.log --single-version-externally-managed
[2.415s] Level 1:colcon.colcon_core.environment:checking '/home/pechenkanepnep/ros2_ws/test_44/install/test_44' for CMake module files
[2.416s] Level 1:colcon.colcon_core.environment:checking '/home/pechenkanepnep/ros2_ws/test_44/install/test_44' for CMake config files
[2.417s] Level 1:colcon.colcon_core.environment:checking '/home/pechenkanepnep/ros2_ws/test_44/install/test_44/lib'
[2.417s] Level 1:colcon.colcon_core.environment:checking '/home/pechenkanepnep/ros2_ws/test_44/install/test_44/bin'
[2.417s] Level 1:colcon.colcon_core.environment:checking '/home/pechenkanepnep/ros2_ws/test_44/install/test_44/lib/pkgconfig/test_44.pc'
[2.418s] Level 1:colcon.colcon_core.environment:checking '/home/pechenkanepnep/ros2_ws/test_44/install/test_44/lib/python3.10/site-packages'
[2.418s] Level 1:colcon.colcon_core.shell:create_environment_hook('test_44', 'pythonpath')
[2.420s] INFO:colcon.colcon_core.shell:Creating environment hook '/home/pechenkanepnep/ros2_ws/test_44/install/test_44/share/test_44/hook/pythonpath.ps1'
[2.421s] INFO:colcon.colcon_core.shell:Creating environment descriptor '/home/pechenkanepnep/ros2_ws/test_44/install/test_44/share/test_44/hook/pythonpath.dsv'
[2.421s] INFO:colcon.colcon_core.shell:Creating environment hook '/home/pechenkanepnep/ros2_ws/test_44/install/test_44/share/test_44/hook/pythonpath.sh'
[2.422s] Level 1:colcon.colcon_core.environment:checking '/home/pechenkanepnep/ros2_ws/test_44/install/test_44/bin'
[2.422s] Level 1:colcon.colcon_core.environment:create_environment_scripts_only(test_44)
[2.425s] INFO:colcon.colcon_core.shell:Creating package script '/home/pechenkanepnep/ros2_ws/test_44/install/test_44/share/test_44/package.ps1'
[2.426s] INFO:colcon.colcon_core.shell:Creating package descriptor '/home/pechenkanepnep/ros2_ws/test_44/install/test_44/share/test_44/package.dsv'
[2.427s] INFO:colcon.colcon_core.shell:Creating package script '/home/pechenkanepnep/ros2_ws/test_44/install/test_44/share/test_44/package.sh'
[2.429s] INFO:colcon.colcon_core.shell:Creating package script '/home/pechenkanepnep/ros2_ws/test_44/install/test_44/share/test_44/package.bash'
[2.430s] INFO:colcon.colcon_core.shell:Creating package script '/home/pechenkanepnep/ros2_ws/test_44/install/test_44/share/test_44/package.zsh'
[2.431s] Level 1:colcon.colcon_core.environment:create_file_with_runtime_dependencies(/home/pechenkanepnep/ros2_ws/test_44/install/test_44/share/colcon-core/packages/test_44)
[2.432s] DEBUG:colcon.colcon_parallel_executor.executor.parallel:closing loop
[2.433s] DEBUG:colcon.colcon_parallel_executor.executor.parallel:loop closed
[2.433s] DEBUG:colcon.colcon_parallel_executor.executor.parallel:run_until_complete finished with '0'
[2.433s] DEBUG:colcon.colcon_core.event_reactor:joining thread
[2.568s] INFO:colcon.colcon_core.plugin_system:Skipping extension 'colcon_notification.desktop_notification.notify_send': Could not find 'notify-send'
[2.568s] INFO:colcon.colcon_core.plugin_system:Skipping extension 'colcon_notification.desktop_notification.terminal_notifier': Not used on non-Darwin systems
[2.568s] INFO:colcon.colcon_core.plugin_system:Skipping extension 'colcon_notification.desktop_notification.win32': Not used on non-Windows systems
[2.568s] INFO:colcon.colcon_notification.desktop_notification:Sending desktop notification using 'notify2'
[2.569s] DEBUG:colcon.colcon_notification.desktop_notification.notify2:Failed to initialize notify2: org.freedesktop.DBus.Error.FileNotFound: Failed to connect to socket /run/user/1000/bus: No such file or directory
[2.569s] DEBUG:colcon.colcon_core.event_reactor:joined thread
[2.572s] INFO:colcon.colcon_core.shell:Creating prefix script '/home/pechenkanepnep/ros2_ws/test_44/install/local_setup.ps1'
[2.573s] INFO:colcon.colcon_core.shell:Creating prefix util module '/home/pechenkanepnep/ros2_ws/test_44/install/_local_setup_util_ps1.py'
[2.575s] INFO:colcon.colcon_core.shell:Creating prefix chain script '/home/pechenkanepnep/ros2_ws/test_44/install/setup.ps1'
[2.577s] INFO:colcon.colcon_core.shell:Creating prefix script '/home/pechenkanepnep/ros2_ws/test_44/install/local_setup.sh'
[2.578s] INFO:colcon.colcon_core.shell:Creating prefix util module '/home/pechenkanepnep/ros2_ws/test_44/install/_local_setup_util_sh.py'
[2.579s] INFO:colcon.colcon_core.shell:Creating prefix chain script '/home/pechenkanepnep/ros2_ws/test_44/install/setup.sh'
[2.581s] INFO:colcon.colcon_core.shell:Creating prefix script '/home/pechenkanepnep/ros2_ws/test_44/install/local_setup.bash'
[2.581s] INFO:colcon.colcon_core.shell:Creating prefix chain script '/home/pechenkanepnep/ros2_ws/test_44/install/setup.bash'
[2.583s] INFO:colcon.colcon_core.shell:Creating prefix script '/home/pechenkanepnep/ros2_ws/test_44/install/local_setup.zsh'
[2.584s] INFO:colcon.colcon_core.shell:Creating prefix chain script '/home/pechenkanepnep/ros2_ws/test_44/install/setup.zsh'
